8.726646259971647390e-02 2.800000000000000266e+00 0.000000000000000000e+00
0.000000000000000000e+00 2.800000000000000266e+00 -1.745329251994329478e-01
8.726646259971647390e-02 2.135717068561167942e+00 -1.495269503314270998e-01
7.329103998158176259e-02 2.000000000000149658e+00 4.061915958691365847e-02
6.511692729750377662e-02 2.000000000000000000e+00 2.556002796675286431e-02
8.189595427135105965e-02 2.800000000000000266e+00 -2.801310561741831087e-02
8.153653414351649809e-02 2.778012622329930181e+00 -7.768574762406004960e-03
8.043948036999265527e-02 2.611471313200849576e+00 -1.187252616037366704e-02
7.744316207161026921e-02 2.493279533268882187e+00 -7.966448021426205534e-04
7.823059659528176779e-02 2.533944877033177612e+00 -7.913300959409707777e-03
7.831351384316127817e-02 2.563216144286985188e+00 -6.487018860484866298e-03
7.890375419244129163e-02 2.577352619787749433e+00 -7.946021502784767973e-03
7.888035148709765521e-02 2.576104639080475600e+00 -6.867042582463806638e-03
7.866717284981548930e-02 2.563477041959392189e+00 -7.250063190849674773e-03
7.843103940489178083e-02 2.554227026510771825e+00 -6.620855069900438011e-03
7.864614418276540120e-02 2.564911671454985331e+00 -7.165459460489772940e-03
7.866441043415034473e-02 2.565757981596006321e+00 -7.071230572512542979e-03
7.869896180878674374e-02 2.566744579235113566e+00 -7.237626172122024575e-03
7.866817349226282174e-02 2.565139164928355697e+00 -7.150956643500708428e-03
7.866066517638860278e-02 2.564749080026027972e+00 -7.157579402330412760e-03
7.866585591496480512e-02 2.565211245719449362e+00 -7.147198027473096286e-03
7.867170181825354491e-02 2.565569342387876262e+00 -7.165999414122636510e-03
7.866928877852903679e-02 2.565351227905484865e+00 -7.155321070341246793e-03
7.866852626379709779e-02 2.565282769712111666e+00 -7.159274037188646453e-03
7.866740768099296510e-02 2.565236426909501155e+00 -7.154217764980436677e-03
7.866729131591847224e-02 2.565243287699950248e+00 -7.153570355174952537e-03
7.866766108762729415e-02 2.565262346469551424e+00 -7.154103834765083644e-03
7.866781915296762462e-02 2.565268888769628219e+00 -7.155144816811813933e-03
7.866774674465701334e-02 2.565262012159239546e+00 -7.154768078398264161e-03
7.866767029924745525e-02 2.565257594434863897e+00 -7.154696978928912210e-03
7.866766579113462776e-02 2.565259009992382211e+00 -7.154568057569620117e-03
7.866767482547881718e-02 2.565259993300058827e+00 -7.154606887838186637e-03
7.866769175602657260e-02 2.565260518352709962e+00 -7.154611360882812306e-03
7.866769800502559917e-02 2.565260527148401248e+00 -7.154683952338205914e-03
7.866768909725074810e-02 2.565259996684954302e+00 -7.154645720610467406e-03
7.866768515777243509e-02 2.565259821926230810e+00 -7.154637903981184328e-03
7.866768347945091167e-02 2.565259764216784699e+00 -7.154628805868888664e-03
7.866768502128602958e-02 2.565259853215738683e+00 -7.154634881099230896e-03
7.866768585729204399e-02 2.565259902698022731e+00 -7.154635318054927348e-03
7.866768537852132648e-02 2.565259860963115646e+00 -7.154635686331591721e-03
7.866768517488355317e-02 2.565259851962215620e+00 -7.154634683143293664e-03
7.866768511512331474e-02 2.565259854448503685e+00 -7.154634465841603133e-03
7.866768531599208081e-02 2.565259860056967156e+00 -7.154635274187609584e-03
7.866768528197519428e-02 2.565259857190443693e+00 -7.154635386023752361e-03
7.866768524471379198e-02 2.565259855449115722e+00 -7.154635095902108638e-03
7.866768527036981096e-02 2.565259857809713662e+00 -7.154635138583612802e-03
7.866768530360040979e-02 2.565259859406225473e+00 -7.154635207710755181e-03
7.866768528861639576e-02 2.565259858404103532e+00 -7.154635239134159858e-03
7.866768528854727049e-02 2.565259858062559406e+00 -7.154635256708282570e-03
7.866768528429210483e-02 2.565259858117275638e+00 -7.154635213698233923e-03
7.866768528727956233e-02 2.565259858274543614e+00 -7.154635219115524671e-03
7.866768528918809122e-02 2.565259858378328151e+00 -7.154635233014173396e-03
7.866768528656985227e-02 2.565259858206283106e+00 -7.154635224812811931e-03
7.866768528528442217e-02 2.565259858179853136e+00 -7.154635218161309665e-03
7.866768528566236984e-02 2.565259858184671948e+00 -7.154635217845192741e-03
7.866768528607064048e-02 2.565259858208289057e+00 -7.154635218545054784e-03
7.866768528612741451e-02 2.565259858208173149e+00 -7.154635219635981612e-03
7.866768528606817024e-02 2.565259858208269073e+00 -7.154635219595761181e-03
7.866768528598365451e-02 2.565259858200956700e+00 -7.154635219317318114e-03
7.866768528595809162e-02 2.565259858201336840e+00 -7.154635219060703939e-03
7.866768528596629340e-02 2.565259858202475485e+00 -7.154635218973101271e-03
7.866768528600157073e-02 2.565259858203123855e+00 -7.154635219226234723e-03
